Build started 4/28/2015 3:02:54 PM.
     1>Project "\\samba1\mkoken\dcengr\My Documents\coen20\labs\Lab05BinaryAdditionSubtraction\Lab5\Lab5\Lab5.vcxproj" on node 2 (Build target(s)).
     1>ClCompile:
         C:\Program Files (x86)\Microsoft Visual Studio 12.0\VC\bin\CL.exe /c /ZI /nologo /W3 /WX- /Od /Oy- /D WIN32 /D _DEBUG /D _CONSOLE /D _LIB /D _UNICODE /D UNICODE /Gm /EHsc /RTC1 /MDd /GS /fp:precise /Zc:wchar_t /Zc:forScope /Fo"Debug\\" /Fd"Debug\vc120.pdb" /Gd /TC /analyze- /errorReport:prompt Lab5.c
         Lab5.c
     1>\\samba1\mkoken\dcengr\my documents\coen20\labs\lab05binaryadditionsubtraction\lab5\lab5\lab5.c(27): warning C4996: 'scanf': This function or variable may be unsafe. Consider using scanf_s instead. To disable deprecation, use _CRT_SECURE_NO_WARNINGS. See online help for details.
                 c:\program files (x86)\microsoft visual studio 12.0\vc\include\stdio.h(283) : see declaration of 'scanf'
     1>\\samba1\mkoken\dcengr\my documents\coen20\labs\lab05binaryadditionsubtraction\lab5\lab5\lab5.c(29): warning C4047: 'function' : 'int *' differs in levels of indirection from 'int (*)[8]'
     1>\\samba1\mkoken\dcengr\my documents\coen20\labs\lab05binaryadditionsubtraction\lab5\lab5\lab5.c(29): warning C4024: 'Asc2Bin' : different types for formal and actual parameter 2
     1>\\samba1\mkoken\dcengr\my documents\coen20\labs\lab05binaryadditionsubtraction\lab5\lab5\lab5.c(34): warning C4996: 'scanf': This function or variable may be unsafe. Consider using scanf_s instead. To disable deprecation, use _CRT_SECURE_NO_WARNINGS. See online help for details.
                 c:\program files (x86)\microsoft visual studio 12.0\vc\include\stdio.h(283) : see declaration of 'scanf'
     1>\\samba1\mkoken\dcengr\my documents\coen20\labs\lab05binaryadditionsubtraction\lab5\lab5\lab5.c(36): warning C4047: 'function' : 'int *' differs in levels of indirection from 'int (*)[8]'
     1>\\samba1\mkoken\dcengr\my documents\coen20\labs\lab05binaryadditionsubtraction\lab5\lab5\lab5.c(36): warning C4024: 'Asc2Bin' : different types for formal and actual parameter 2
     1>\\samba1\mkoken\dcengr\my documents\coen20\labs\lab05binaryadditionsubtraction\lab5\lab5\lab5.c(39): warning C4047: 'function' : 'int *' differs in levels of indirection from 'int (*)[8]'
     1>\\samba1\mkoken\dcengr\my documents\coen20\labs\lab05binaryadditionsubtraction\lab5\lab5\lab5.c(39): warning C4024: 'AddBinary' : different types for formal and actual parameter 1
     1>\\samba1\mkoken\dcengr\my documents\coen20\labs\lab05binaryadditionsubtraction\lab5\lab5\lab5.c(39): warning C4024: 'AddBinary' : different types for formal and actual parameter 2
     1>\\samba1\mkoken\dcengr\my documents\coen20\labs\lab05binaryadditionsubtraction\lab5\lab5\lab5.c(39): warning C4024: 'AddBinary' : different types for formal and actual parameter 3
     1>\\samba1\mkoken\dcengr\my documents\coen20\labs\lab05binaryadditionsubtraction\lab5\lab5\lab5.c(45): warning C4047: 'function' : 'int *' differs in levels of indirection from 'int (*)[8]'
     1>\\samba1\mkoken\dcengr\my documents\coen20\labs\lab05binaryadditionsubtraction\lab5\lab5\lab5.c(45): warning C4024: 'SubBinary' : different types for formal and actual parameter 1
     1>\\samba1\mkoken\dcengr\my documents\coen20\labs\lab05binaryadditionsubtraction\lab5\lab5\lab5.c(45): warning C4024: 'SubBinary' : different types for formal and actual parameter 2
     1>\\samba1\mkoken\dcengr\my documents\coen20\labs\lab05binaryadditionsubtraction\lab5\lab5\lab5.c(45): warning C4024: 'SubBinary' : different types for formal and actual parameter 3
     1>\\samba1\mkoken\dcengr\my documents\coen20\labs\lab05binaryadditionsubtraction\lab5\lab5\lab5.c(18): warning C4101: 'input' : unreferenced local variable
       Link:
         C:\Program Files (x86)\Microsoft Visual Studio 12.0\VC\bin\link.exe /ERRORREPORT:PROMPT /OUT:"\\samba1\mkoken\dcengr\My Documents\coen20\labs\Lab05BinaryAdditionSubtraction\Lab5\Debug\Lab5.exe" /INCREMENTAL /NOLOGO kernel32.lib user32.lib gdi32.lib winspool.lib comdlg32.lib advapi32.lib shell32.lib ole32.lib oleaut32.lib uuid.lib odbc32.lib odbccp32.lib /MANIFEST /MANIFESTUAC:"level='asInvoker' uiAccess='false'" /manifest:embed /DEBUG /PDB:"\\samba1\mkoken\dcengr\My Documents\coen20\labs\Lab05BinaryAdditionSubtraction\Lab5\Debug\Lab5.pdb" /SUBSYSTEM:CONSOLE /TLBID:1 /DYNAMICBASE /NXCOMPAT /IMPLIB:"\\samba1\mkoken\dcengr\My Documents\coen20\labs\Lab05BinaryAdditionSubtraction\Lab5\Debug\Lab5.lib" /MACHINE:X86 Debug\Lab5.obj
         Debug\stdafx.obj
         Lab5.vcxproj -> \\samba1\mkoken\dcengr\My Documents\coen20\labs\Lab05BinaryAdditionSubtraction\Lab5\Debug\Lab5.exe
     1>Done Building Project "\\samba1\mkoken\dcengr\My Documents\coen20\labs\Lab05BinaryAdditionSubtraction\Lab5\Lab5\Lab5.vcxproj" (Build target(s)).

Build succeeded.

Time Elapsed 00:00:01.09
